0 info it worked if it ends with ok
1 verbose cli [ 'D:\\nodeJS\\node.exe',
1 verbose cli   'D:\\nodeJS\\node_modules\\npm\\bin\\npm-cli.js',
1 verbose cli   'start' ]
2 info using npm@3.10.9
3 info using node@v7.1.0
4 verbose run-script [ 'prestart', 'start', 'poststart' ]
5 info lifecycle teamworkjs@1.0.0~prestart: teamworkjs@1.0.0
6 verbose lifecycle teamworkjs@1.0.0~prestart: unsafe-perm in lifecycle true
7 verbose lifecycle teamworkjs@1.0.0~prestart: PATH: D:\nodeJS\node_modules\npm\bin\node-gyp-bin;D:\JSApplicationTeamwork\TeamworkJS\node_modules\.bin;C:\Users\G_ANGELOV\AppData\Roaming\npm;D:\nodeJS\;C:\ProgramData\Oracle\Java\javapath;C:\WINDOWS\system32;C:\WINDOWS;C:\WINDOWS\System32\Wbem;C:\WINDOWS\System32\WindowsPowerShell\v1.0\;C:\WINDOWS\system32\config\systemprofile\.dnx\bin;C:\Program Files\Microsoft DNX\Dnvm\;C:\Program Files (x86)\Windows Kits\8.1\Windows Performance Toolkit\;C:\Program Files\Microsoft SQL Server\120\Tools\Binn\;C:\Program Files\Microsoft SQL Server\130\Tools\Binn\;E:\Brackets\command;D:\nodeJS\ ;D:\apache\htdocs\php;C:\Program Files\MySQL\MySQL Utilities 1.6\;C:\Program Files (x86)\Skype\Phone\;C:\Program Files (x86)\GtkSharp\2.12\bin;D:\Anaconda;D:\Anaconda\Scripts;D:\Anaconda\Library\bin;E:\Python CLI\Scripts\;E:\Python CLI\;C:\Users\G_ANGELOV\AppData\Roaming\npm;
8 verbose lifecycle teamworkjs@1.0.0~prestart: CWD: D:\JSApplicationTeamwork\TeamworkJS
9 silly lifecycle teamworkjs@1.0.0~prestart: Args: [ '/d /s /c', 'npm-run-all --parallel lint' ]
10 silly lifecycle teamworkjs@1.0.0~prestart: Returned: code: 0  signal: null
11 info lifecycle teamworkjs@1.0.0~start: teamworkjs@1.0.0
12 verbose lifecycle teamworkjs@1.0.0~start: unsafe-perm in lifecycle true
13 verbose lifecycle teamworkjs@1.0.0~start: PATH: D:\nodeJS\node_modules\npm\bin\node-gyp-bin;D:\JSApplicationTeamwork\TeamworkJS\node_modules\.bin;C:\Users\G_ANGELOV\AppData\Roaming\npm;D:\nodeJS\;C:\ProgramData\Oracle\Java\javapath;C:\WINDOWS\system32;C:\WINDOWS;C:\WINDOWS\System32\Wbem;C:\WINDOWS\System32\WindowsPowerShell\v1.0\;C:\WINDOWS\system32\config\systemprofile\.dnx\bin;C:\Program Files\Microsoft DNX\Dnvm\;C:\Program Files (x86)\Windows Kits\8.1\Windows Performance Toolkit\;C:\Program Files\Microsoft SQL Server\120\Tools\Binn\;C:\Program Files\Microsoft SQL Server\130\Tools\Binn\;E:\Brackets\command;D:\nodeJS\ ;D:\apache\htdocs\php;C:\Program Files\MySQL\MySQL Utilities 1.6\;C:\Program Files (x86)\Skype\Phone\;C:\Program Files (x86)\GtkSharp\2.12\bin;D:\Anaconda;D:\Anaconda\Scripts;D:\Anaconda\Library\bin;E:\Python CLI\Scripts\;E:\Python CLI\;C:\Users\G_ANGELOV\AppData\Roaming\npm;
14 verbose lifecycle teamworkjs@1.0.0~start: CWD: D:\JSApplicationTeamwork\TeamworkJS
15 silly lifecycle teamworkjs@1.0.0~start: Args: [ '/d /s /c',
15 silly lifecycle   'npm-run-all --parallel security-check server:boot test' ]
16 silly lifecycle teamworkjs@1.0.0~start: Returned: code: 1  signal: null
17 info lifecycle teamworkjs@1.0.0~start: Failed to exec start script
18 verbose stack Error: teamworkjs@1.0.0 start: `npm-run-all --parallel security-check server:boot test`
18 verbose stack Exit status 1
18 verbose stack     at EventEmitter.<anonymous> (D:\nodeJS\node_modules\npm\lib\utils\lifecycle.js:255:16)
18 verbose stack     at emitTwo (events.js:106:13)
18 verbose stack     at EventEmitter.emit (events.js:191:7)
18 verbose stack     at ChildProcess.<anonymous> (D:\nodeJS\node_modules\npm\lib\utils\spawn.js:40:14)
18 verbose stack     at emitTwo (events.js:106:13)
18 verbose stack     at ChildProcess.emit (events.js:191:7)
18 verbose stack     at maybeClose (internal/child_process.js:885:16)
18 verbose stack     at Process.ChildProcess._handle.onexit (internal/child_process.js:226:5)
19 verbose pkgid teamworkjs@1.0.0
20 verbose cwd D:\JSApplicationTeamwork\TeamworkJS
21 error Windows_NT 10.0.10240
22 error argv "D:\\nodeJS\\node.exe" "D:\\nodeJS\\node_modules\\npm\\bin\\npm-cli.js" "start"
23 error node v7.1.0
24 error npm  v3.10.9
25 error code ELIFECYCLE
26 error teamworkjs@1.0.0 start: `npm-run-all --parallel security-check server:boot test`
26 error Exit status 1
27 error Failed at the teamworkjs@1.0.0 start script 'npm-run-all --parallel security-check server:boot test'.
27 error Make sure you have the latest version of node.js and npm installed.
27 error If you do, this is most likely a problem with the teamworkjs package,
27 error not with npm itself.
27 error Tell the author that this fails on your system:
27 error     npm-run-all --parallel security-check server:boot test
27 error You can get information on how to open an issue for this project with:
27 error     npm bugs teamworkjs
27 error Or if that isn't available, you can get their info via:
27 error     npm owner ls teamworkjs
27 error There is likely additional logging output above.
28 verbose exit [ 1, true ]
